[debug] [2022-03-21T21:55:17.888Z] ----------------------------------------------------------------------
[debug] [2022-03-21T21:55:17.890Z] Command:       /home/alayn/.nvm/versions/node/v16.13.2/bin/node /home/alayn/.nvm/versions/node/v16.13.2/bin/firebase init
[debug] [2022-03-21T21:55:17.891Z] CLI Version:   10.4.1
[debug] [2022-03-21T21:55:17.891Z] Platform:      linux
[debug] [2022-03-21T21:55:17.891Z] Node Version:  v16.13.2
[debug] [2022-03-21T21:55:17.891Z] Time:          Mon Mar 21 2022 18:55:17 GMT-0300 (hora estándar de Argentina)
[debug] [2022-03-21T21:55:17.892Z] ----------------------------------------------------------------------
[debug] 
[debug] [2022-03-21T21:55:17.898Z] > command requires scopes: ["email","openid","https://www.googleapis.com/auth/cloudplatformprojects.readonly","https://www.googleapis.com/auth/firebase","https://www.googleapis.com/auth/cloud-platform"]
[debug] [2022-03-21T21:55:17.898Z] > authorizing via signed-in user (saezalayn@gmail.com)
[info] 
     ######## #### ########  ######## ########     ###     ######  ########
     ##        ##  ##     ## ##       ##     ##  ##   ##  ##       ##
     ######    ##  ########  ######   ########  #########  ######  ######
     ##        ##  ##    ##  ##       ##     ## ##     ##       ## ##
     ##       #### ##     ## ######## ########  ##     ##  ######  ########

You're about to initialize a Firebase project in this directory:

  /home/alayn/src/apx/dwf-m8/desafio-modulo-8

[info] 
=== Project Setup
[info] 
[info] First, let's associate this project directory with a Firebase project.
[info] You can create multiple project aliases by running firebase use --add, 
[info] but for now we'll just set up a default project.
[info] 
[debug] [2022-03-21T21:57:00.898Z] >>> [apiv2][query] GET https://firebase.googleapis.com/v1beta1/projects pageSize=100
[debug] [2022-03-21T21:57:02.083Z] <<< [apiv2][status] GET https://firebase.googleapis.com/v1beta1/projects 200
[debug] [2022-03-21T21:57:02.083Z] <<< [apiv2][body] GET https://firebase.googleapis.com/v1beta1/projects [omitted]
[info] i  Using project lost-pet-finder-app-2 (lost-pet-finder-app-2) 
[info] 
=== Hosting Setup
[info] 
[info] Your public directory is the folder (relative to your project directory) that
[info] will contain Hosting assets to be uploaded with firebase deploy. If you
[info] have a build process for your assets, use your build's output directory.
[info] 
[debug] [2022-03-21T22:01:30.813Z] >>> [apiv2][query] GET https://www.gstatic.com/firebasejs/releases.json [none]
[debug] [2022-03-21T22:01:30.965Z] <<< [apiv2][status] GET https://www.gstatic.com/firebasejs/releases.json 200
[debug] [2022-03-21T22:01:30.965Z] <<< [apiv2][body] GET https://www.gstatic.com/firebasejs/releases.json {"current":{"version":"9.6.9","browserURL":"https://www.gstatic.com/firebasejs/9.6.9/firebase.js","packageURL":"https://www.gstatic.com/firebasejs/9.6.9/firebase.tgz"},"live":{"version":"9.6","browserURL":"https://www.gstatic.com/firebasejs/live/9.6/firebase.js","packageURL":"https://www.gstatic.com/firebasejs/live/9.6/firebase.tgz"},"components":{"analytics":"https://www.gstatic.com/firebasejs/9.6.9/firebase-analytics.js","app":"https://www.gstatic.com/firebasejs/9.6.9/firebase-app.js","app-check":"https://www.gstatic.com/firebasejs/9.6.9/firebase-app-check.js","auth":"https://www.gstatic.com/firebasejs/9.6.9/firebase-auth.js","auth/cordova":"https://www.gstatic.com/firebasejs/9.6.9/firebase-auth/cordova.js","auth/react-native":"https://www.gstatic.com/firebasejs/9.6.9/firebase-auth/react-native.js","functions":"https://www.gstatic.com/firebasejs/9.6.9/firebase-functions.js","firestore":"https://www.gstatic.com/firebasejs/9.6.9/firebase-firestore.js","firestore/lite":"https://www.gstatic.com/firebasejs/9.6.9/firebase-firestore/lite.js","storage":"https://www.gstatic.com/firebasejs/9.6.9/firebase-storage.js","performance":"https://www.gstatic.com/firebasejs/9.6.9/firebase-performance.js","remote-config":"https://www.gstatic.com/firebasejs/9.6.9/firebase-remote-config.js","messaging":"https://www.gstatic.com/firebasejs/9.6.9/firebase-messaging.js","messaging/sw":"https://www.gstatic.com/firebasejs/9.6.9/firebase-messaging/sw.js","database":"https://www.gstatic.com/firebasejs/9.6.9/firebase-database.js","firestore.memory":"https://www.gstatic.com/firebasejs/9.6.9/firebase-firestore.memory.js"}}
[info] i  Skipping write of ./index.html 
[info] 
[info] i  Didn't detect a .git folder. Assuming /home/alayn/src/apx/dwf-m8/desafio-modulo-8 is the project root. 
[info] i  Authorizing with GitHub to upload your service account to a GitHub repository's secrets store. 
[info] 
[info] Visit this URL on this device to log in:
[info] https://github.com/login/oauth/authorize?client_id=89cf50f02ac6aaed3484&state=182614214&redirect_uri=http%3A%2F%2Flocalhost%3A9005&scope=read%3Auser%20repo%20public_repo
[info] 
[info] Waiting for authentication...
[debug] [2022-03-21T22:02:22.257Z] >>> HTTP REQUEST POST https://github.com/login/oauth/access_token  
 {"client_id":"89cf50f02ac6aaed3484","client_secret":"3330d14abc895d9a74d5f17cd7a00711fa2c5bf0","code":"cf1f823612148a7bdf90","redirect_uri":"http://localhost:9005","state":"182614214"}
[debug] [2022-03-21T22:02:22.761Z] <<< HTTP RESPONSE 200 {"server":"GitHub.com","date":"Mon, 21 Mar 2022 22:02:22 GMT","content-type":"application/json; charset=utf-8","transfer-encoding":"chunked","vary":"X-PJAX, X-PJAX-Container, Accept-Encoding, Accept, X-Requested-With","permissions-policy":"interest-cohort=()","etag":"W/\"976e8c58633f0f49c2b40f456622e7da\"","cache-control":"max-age=0, private, must-revalidate","strict-transport-security":"max-age=31536000; includeSubdomains; preload","x-frame-options":"deny","x-content-type-options":"nosniff","x-xss-protection":"0","referrer-policy":"origin-when-cross-origin, strict-origin-when-cross-origin","expect-ct":"max-age=2592000, report-uri=\"https://api.github.com/_private/browser/errors\"","content-security-policy":"default-src 'none'; base-uri 'self'; block-all-mixed-content; child-src github.com/assets-cdn/worker/ gist.github.com/assets-cdn/worker/; connect-src 'self' uploads.github.com objects-origin.githubusercontent.com www.githubstatus.com collector.githubapp.com collector.github.com api.github.com github-cloud.s3.amazonaws.com github-production-repository-file-5c1aeb.s3.amazonaws.com github-production-upload-manifest-file-7fdce7.s3.amazonaws.com github-production-user-asset-6210df.s3.amazonaws.com cdn.optimizely.com logx.optimizely.com/v1/events translator.github.com wss://alive.github.com; font-src github.githubassets.com; form-action 'self' github.com gist.github.com objects-origin.githubusercontent.com; frame-ancestors 'none'; frame-src render.githubusercontent.com viewscreen.githubusercontent.com notebooks.githubusercontent.com; img-src 'self' data: github.githubassets.com identicons.github.com collector.githubapp.com collector.github.com github-cloud.s3.amazonaws.com secured-user-images.githubusercontent.com/ *.githubusercontent.com; manifest-src 'self'; media-src github.com user-images.githubusercontent.com/; script-src github.githubassets.com; style-src 'unsafe-inline' github.githubassets.com; worker-src github.com/assets-cdn/worker/ gist.github.com/assets-cdn/worker/","x-github-request-id":"AF74:7A54:DB3BE8:11384EF:6238F5EE"}
[debug] [2022-03-21T22:02:22.765Z] >>> [apiv2][query] GET https://api.github.com/user [none]
[debug] [2022-03-21T22:02:23.417Z] <<< [apiv2][status] GET https://api.github.com/user 200
[debug] [2022-03-21T22:02:23.417Z] <<< [apiv2][body] GET https://api.github.com/user {"login":"Alayndev","id":84744435,"node_id":"MDQ6VXNlcjg0NzQ0NDM1","avatar_url":"https://avatars.githubusercontent.com/u/84744435?v=4","gravatar_id":"","url":"https://api.github.com/users/Alayndev","html_url":"https://github.com/Alayndev","followers_url":"https://api.github.com/users/Alayndev/followers","following_url":"https://api.github.com/users/Alayndev/following{/other_user}","gists_url":"https://api.github.com/users/Alayndev/gists{/gist_id}","starred_url":"https://api.github.com/users/Alayndev/starred{/owner}{/repo}","subscriptions_url":"https://api.github.com/users/Alayndev/subscriptions","organizations_url":"https://api.github.com/users/Alayndev/orgs","repos_url":"https://api.github.com/users/Alayndev/repos","events_url":"https://api.github.com/users/Alayndev/events{/privacy}","received_events_url":"https://api.github.com/users/Alayndev/received_events","type":"User","site_admin":false,"name":"AlaynDev","company":null,"blog":"","location":"Buenos Aires, Argentina","email":null,"hireable":null,"bio":null,"twitter_username":null,"public_repos":30,"public_gists":0,"followers":6,"following":9,"created_at":"2021-05-24T20:50:31Z","updated_at":"2021-12-13T12:43:09Z","private_gists":3,"total_private_repos":14,"owned_private_repos":14,"disk_usage":7532,"collaborators":0,"two_factor_authentication":false,"plan":{"name":"free","space":976562499,"collaborators":0,"private_repos":10000}}
[info] 
[info] ✔  Success! Logged into GitHub as Alayndev 
[info] 
